[debug] [2025-11-23T03:04:42.100Z] ----------------------------------------------------------------------
[debug] [2025-11-23T03:04:42.119Z] Command:       C:\Program Files\nodejs\node.exe C:\Users\aronh\AppData\Roaming\npm\node_modules\firebase-tools\lib\bin\firebase.js init
[debug] [2025-11-23T03:04:42.120Z] CLI Version:   14.26.0
[debug] [2025-11-23T03:04:42.120Z] Platform:      win32
[debug] [2025-11-23T03:04:42.121Z] Node Version:  v22.21.0
[debug] [2025-11-23T03:04:42.121Z] Time:          Sat Nov 22 2025 21:04:42 GMT-0600 (Central Standard Time)
[debug] [2025-11-23T03:04:42.122Z] ----------------------------------------------------------------------
[debug] 
[debug] [2025-11-23T03:04:42.127Z] >>> [apiv2][query] GET https://firebase-public.firebaseio.com/cli.json [none]
[info] 
     ######## #### ########  ######## ########     ###     ######  ########
     ##        ##  ##     ## ##       ##     ##  ##   ##  ##       ##
     ######    ##  ########  ######   ########  #########  ######  ######
     ##        ##  ##    ##  ##       ##     ## ##     ##       ## ##
     ##       #### ##     ## ######## ########  ##     ##  ######  ########

You're about to initialize a Firebase project in this directory:

  C:\Users\aronh\web2\biblioteca_de_videojuegos

[debug] [2025-11-23T03:04:42.449Z] <<< [apiv2][status] GET https://firebase-public.firebaseio.com/cli.json 200
[debug] [2025-11-23T03:04:42.449Z] <<< [apiv2][body] GET https://firebase-public.firebaseio.com/cli.json {"cloudBuildErrorAfter":1594252800000,"cloudBuildWarnAfter":1590019200000,"defaultNode10After":1594252800000,"minVersion":"3.0.5","node8DeploysDisabledAfter":1613390400000,"node8RuntimeDisabledAfter":1615809600000,"node8WarnAfter":1600128000000}
[info] 
=== Project Setup
[info] 
[info] First, let's associate this project directory with a Firebase project.
[info] You can create multiple project aliases by running firebase use --add, 
[info] 
[debug] [2025-11-23T03:07:06.258Z] > command requires scopes: ["email","openid","https://www.googleapis.com/auth/cloudplatformprojects.readonly","https://www.googleapis.com/auth/firebase","https://www.googleapis.com/auth/cloud-platform"]
[debug] [2025-11-23T03:07:06.259Z] > authorizing via signed-in user (aaronhernandez97@aragon.unam.mx)
[debug] [2025-11-23T03:07:06.261Z] Checked if tokens are valid: false, expires at: 1761166000296
[debug] [2025-11-23T03:07:06.261Z] Checked if tokens are valid: false, expires at: 1761166000296
[debug] [2025-11-23T03:07:06.261Z] > refreshing access token with scopes: []
[debug] [2025-11-23T03:07:06.263Z] >>> [apiv2][query] POST https://www.googleapis.com/oauth2/v3/token [none]
[debug] [2025-11-23T03:07:06.263Z] >>> [apiv2][body] POST https://www.googleapis.com/oauth2/v3/token [omitted]
[debug] [2025-11-23T03:07:07.490Z] <<< [apiv2][status] POST https://www.googleapis.com/oauth2/v3/token 200
[debug] [2025-11-23T03:07:07.490Z] <<< [apiv2][body] POST https://www.googleapis.com/oauth2/v3/token [omitted]
[debug] [2025-11-23T03:07:07.502Z] >>> [apiv2][query] GET https://firebase.googleapis.com/v1beta1/projects pageSize=100
[debug] [2025-11-23T03:07:07.856Z] <<< [apiv2][status] GET https://firebase.googleapis.com/v1beta1/projects 200
[debug] [2025-11-23T03:07:07.856Z] <<< [apiv2][body] GET https://firebase.googleapis.com/v1beta1/projects [omitted]
